
**** Build of configuration Debug for project MSP430_BMS_PL536 ****

C:\ti\ccsv5\utils\bin\gmake -k all 
'Building file: ../SourceCode/USBCDC_constructs.c'
'Invoking: MSP430 Compiler'
"C:/ti/ccsv5/tools/compiler/msp430_4.1.0/bin/cl430" -vmspx --abi=coffabi -O3 --opt_for_speed=5 -g --include_path="C:/ti/ccsv5/ccs_base/msp430/include" --include_path="C:/ti/ccsv5/tools/compiler/msp430_4.1.0/include" --include_path="C:/Users/user/workspace_v5_2/LBW_185_1.0_170708/MSP430_BMS_PL536/SourceCode/BQ76PL536" --include_path="C:/Users/user/workspace_v5_2/LBW_185_1.0_170708/MSP430_BMS_PL536/SourceCode/Common" --include_path="C:/Users/user/workspace_v5_2/LBW_185_1.0_170708/MSP430_BMS_PL536/SourceCode/SPI" --include_path="C:/Users/user/workspace_v5_2/LBW_185_1.0_170708/MSP430_BMS_PL536/SourceCode/UART" --include_path="C:/Users/user/workspace_v5_2/LBW_185_1.0_170708/MSP430_BMS_PL536/SourceCode/USB_CDC_API" --include_path="C:/Users/user/workspace_v5_2/LBW_185_1.0_170708/MSP430_BMS_PL536/SourceCode/USB_Common" --include_path="C:/Users/user/workspace_v5_2/LBW_185_1.0_170708/MSP430_BMS_PL536/SourceCode" --define=__MSP430F5529__ --diag_warning=225 --silicon_errata=CPU21 --silicon_errata=CPU22 --silicon_errata=CPU23 --silicon_errata=CPU40 --printf_support=full --preproc_with_compile --preproc_dependency="SourceCode/USBCDC_constructs.pp" --obj_directory="SourceCode"  "../SourceCode/USBCDC_constructs.c"
'Finished building: ../SourceCode/USBCDC_constructs.c'
' '
'Building file: ../SourceCode/main.c'
'Invoking: MSP430 Compiler'
"C:/ti/ccsv5/tools/compiler/msp430_4.1.0/bin/cl430" -vmspx --abi=coffabi -O3 --opt_for_speed=5 -g --include_path="C:/ti/ccsv5/ccs_base/msp430/include" --include_path="C:/ti/ccsv5/tools/compiler/msp430_4.1.0/include" --include_path="C:/Users/user/workspace_v5_2/LBW_185_1.0_170708/MSP430_BMS_PL536/SourceCode/BQ76PL536" --include_path="C:/Users/user/workspace_v5_2/LBW_185_1.0_170708/MSP430_BMS_PL536/SourceCode/Common" --include_path="C:/Users/user/workspace_v5_2/LBW_185_1.0_170708/MSP430_BMS_PL536/SourceCode/SPI" --include_path="C:/Users/user/workspace_v5_2/LBW_185_1.0_170708/MSP430_BMS_PL536/SourceCode/UART" --include_path="C:/Users/user/workspace_v5_2/LBW_185_1.0_170708/MSP430_BMS_PL536/SourceCode/USB_CDC_API" --include_path="C:/Users/user/workspace_v5_2/LBW_185_1.0_170708/MSP430_BMS_PL536/SourceCode/USB_Common" --include_path="C:/Users/user/workspace_v5_2/LBW_185_1.0_170708/MSP430_BMS_PL536/SourceCode" --define=__MSP430F5529__ --diag_warning=225 --silicon_errata=CPU21 --silicon_errata=CPU22 --silicon_errata=CPU23 --silicon_errata=CPU40 --printf_support=full --preproc_with_compile --preproc_dependency="SourceCode/main.pp" --obj_directory="SourceCode"  "../SourceCode/main.c"
'Finished building: ../SourceCode/main.c'
' '
'Building file: ../SourceCode/USB_Common/UsbIsr.c'
'Invoking: MSP430 Compiler'
"C:/ti/ccsv5/tools/compiler/msp430_4.1.0/bin/cl430" -vmspx --abi=coffabi -O3 --opt_for_speed=5 -g --include_path="C:/ti/ccsv5/ccs_base/msp430/include" --include_path="C:/ti/ccsv5/tools/compiler/msp430_4.1.0/include" --include_path="C:/Users/user/workspace_v5_2/LBW_185_1.0_170708/MSP430_BMS_PL536/SourceCode/BQ76PL536" --include_path="C:/Users/user/workspace_v5_2/LBW_185_1.0_170708/MSP430_BMS_PL536/SourceCode/Common" --include_path="C:/Users/user/workspace_v5_2/LBW_185_1.0_170708/MSP430_BMS_PL536/SourceCode/SPI" --include_path="C:/Users/user/workspace_v5_2/LBW_185_1.0_170708/MSP430_BMS_PL536/SourceCode/UART" --include_path="C:/Users/user/workspace_v5_2/LBW_185_1.0_170708/MSP430_BMS_PL536/SourceCode/USB_CDC_API" --include_path="C:/Users/user/workspace_v5_2/LBW_185_1.0_170708/MSP430_BMS_PL536/SourceCode/USB_Common" --include_path="C:/Users/user/workspace_v5_2/LBW_185_1.0_170708/MSP430_BMS_PL536/SourceCode" --define=__MSP430F5529__ --diag_warning=225 --silicon_errata=CPU21 --silicon_errata=CPU22 --silicon_errata=CPU23 --silicon_errata=CPU40 --printf_support=full --preproc_with_compile --preproc_dependency="SourceCode/USB_Common/UsbIsr.pp" --obj_directory="SourceCode/USB_Common"  "../SourceCode/USB_Common/UsbIsr.c"
'Finished building: ../SourceCode/USB_Common/UsbIsr.c'
' '
'Building file: ../SourceCode/USB_Common/descriptors.c'
'Invoking: MSP430 Compiler'
"C:/ti/ccsv5/tools/compiler/msp430_4.1.0/bin/cl430" -vmspx --abi=coffabi -O3 --opt_for_speed=5 -g --include_path="C:/ti/ccsv5/ccs_base/msp430/include" --include_path="C:/ti/ccsv5/tools/compiler/msp430_4.1.0/include" --include_path="C:/Users/user/workspace_v5_2/LBW_185_1.0_170708/MSP430_BMS_PL536/SourceCode/BQ76PL536" --include_path="C:/Users/user/workspace_v5_2/LBW_185_1.0_170708/MSP430_BMS_PL536/SourceCode/Common" --include_path="C:/Users/user/workspace_v5_2/LBW_185_1.0_170708/MSP430_BMS_PL536/SourceCode/SPI" --include_path="C:/Users/user/workspace_v5_2/LBW_185_1.0_170708/MSP430_BMS_PL536/SourceCode/UART" --include_path="C:/Users/user/workspace_v5_2/LBW_185_1.0_170708/MSP430_BMS_PL536/SourceCode/USB_CDC_API" --include_path="C:/Users/user/workspace_v5_2/LBW_185_1.0_170708/MSP430_BMS_PL536/SourceCode/USB_Common" --include_path="C:/Users/user/workspace_v5_2/LBW_185_1.0_170708/MSP430_BMS_PL536/SourceCode" --define=__MSP430F5529__ --diag_warning=225 --silicon_errata=CPU21 --silicon_errata=CPU22 --silicon_errata=CPU23 --silicon_errata=CPU40 --printf_support=full --preproc_with_compile --preproc_dependency="SourceCode/USB_Common/descriptors.pp" --obj_directory="SourceCode/USB_Common"  "../SourceCode/USB_Common/descriptors.c"
'Finished building: ../SourceCode/USB_Common/descriptors.c'
' '
'Building file: ../SourceCode/USB_Common/dma.c'
'Invoking: MSP430 Compiler'
"C:/ti/ccsv5/tools/compiler/msp430_4.1.0/bin/cl430" -vmspx --abi=coffabi -O3 --opt_for_speed=5 -g --include_path="C:/ti/ccsv5/ccs_base/msp430/include" --include_path="C:/ti/ccsv5/tools/compiler/msp430_4.1.0/include" --include_path="C:/Users/user/workspace_v5_2/LBW_185_1.0_170708/MSP430_BMS_PL536/SourceCode/BQ76PL536" --include_path="C:/Users/user/workspace_v5_2/LBW_185_1.0_170708/MSP430_BMS_PL536/SourceCode/Common" --include_path="C:/Users/user/workspace_v5_2/LBW_185_1.0_170708/MSP430_BMS_PL536/SourceCode/SPI" --include_path="C:/Users/user/workspace_v5_2/LBW_185_1.0_170708/MSP430_BMS_PL536/SourceCode/UART" --include_path="C:/Users/user/workspace_v5_2/LBW_185_1.0_170708/MSP430_BMS_PL536/SourceCode/USB_CDC_API" --include_path="C:/Users/user/workspace_v5_2/LBW_185_1.0_170708/MSP430_BMS_PL536/SourceCode/USB_Common" --include_path="C:/Users/user/workspace_v5_2/LBW_185_1.0_170708/MSP430_BMS_PL536/SourceCode" --define=__MSP430F5529__ --diag_warning=225 --silicon_errata=CPU21 --silicon_errata=CPU22 --silicon_errata=CPU23 --silicon_errata=CPU40 --printf_support=full --preproc_with_compile --preproc_dependency="SourceCode/USB_Common/dma.pp" --obj_directory="SourceCode/USB_Common"  "../SourceCode/USB_Common/dma.c"
'Finished building: ../SourceCode/USB_Common/dma.c'
' '
'Building file: ../SourceCode/USB_Common/usb.c'
'Invoking: MSP430 Compiler'
"C:/ti/ccsv5/tools/compiler/msp430_4.1.0/bin/cl430" -vmspx --abi=coffabi -O3 --opt_for_speed=5 -g --include_path="C:/ti/ccsv5/ccs_base/msp430/include" --include_path="C:/ti/ccsv5/tools/compiler/msp430_4.1.0/include" --include_path="C:/Users/user/workspace_v5_2/LBW_185_1.0_170708/MSP430_BMS_PL536/SourceCode/BQ76PL536" --include_path="C:/Users/user/workspace_v5_2/LBW_185_1.0_170708/MSP430_BMS_PL536/SourceCode/Common" --include_path="C:/Users/user/workspace_v5_2/LBW_185_1.0_170708/MSP430_BMS_PL536/SourceCode/SPI" --include_path="C:/Users/user/workspace_v5_2/LBW_185_1.0_170708/MSP430_BMS_PL536/SourceCode/UART" --include_path="C:/Users/user/workspace_v5_2/LBW_185_1.0_170708/MSP430_BMS_PL536/SourceCode/USB_CDC_API" --include_path="C:/Users/user/workspace_v5_2/LBW_185_1.0_170708/MSP430_BMS_PL536/SourceCode/USB_Common" --include_path="C:/Users/user/workspace_v5_2/LBW_185_1.0_170708/MSP430_BMS_PL536/SourceCode" --define=__MSP430F5529__ --diag_warning=225 --silicon_errata=CPU21 --silicon_errata=CPU22 --silicon_errata=CPU23 --silicon_errata=CPU40 --printf_support=full --preproc_with_compile --preproc_dependency="SourceCode/USB_Common/usb.pp" --obj_directory="SourceCode/USB_Common"  "../SourceCode/USB_Common/usb.c"
'Finished building: ../SourceCode/USB_Common/usb.c'
' '
'Building file: ../SourceCode/USB_Common/usb_eventHandling.c'
'Invoking: MSP430 Compiler'
"C:/ti/ccsv5/tools/compiler/msp430_4.1.0/bin/cl430" -vmspx --abi=coffabi -O3 --opt_for_speed=5 -g --include_path="C:/ti/ccsv5/ccs_base/msp430/include" --include_path="C:/ti/ccsv5/tools/compiler/msp430_4.1.0/include" --include_path="C:/Users/user/workspace_v5_2/LBW_185_1.0_170708/MSP430_BMS_PL536/SourceCode/BQ76PL536" --include_path="C:/Users/user/workspace_v5_2/LBW_185_1.0_170708/MSP430_BMS_PL536/SourceCode/Common" --include_path="C:/Users/user/workspace_v5_2/LBW_185_1.0_170708/MSP430_BMS_PL536/SourceCode/SPI" --include_path="C:/Users/user/workspace_v5_2/LBW_185_1.0_170708/MSP430_BMS_PL536/SourceCode/UART" --include_path="C:/Users/user/workspace_v5_2/LBW_185_1.0_170708/MSP430_BMS_PL536/SourceCode/USB_CDC_API" --include_path="C:/Users/user/workspace_v5_2/LBW_185_1.0_170708/MSP430_BMS_PL536/SourceCode/USB_Common" --include_path="C:/Users/user/workspace_v5_2/LBW_185_1.0_170708/MSP430_BMS_PL536/SourceCode" --define=__MSP430F5529__ --diag_warning=225 --silicon_errata=CPU21 --silicon_errata=CPU22 --silicon_errata=CPU23 --silicon_errata=CPU40 --printf_support=full --preproc_with_compile --preproc_dependency="SourceCode/USB_Common/usb_eventHandling.pp" --obj_directory="SourceCode/USB_Common"  "../SourceCode/USB_Common/usb_eventHandling.c"
'Finished building: ../SourceCode/USB_Common/usb_eventHandling.c'
' '
'Building file: ../SourceCode/USB_CDC_API/UsbCdc.c'
'Invoking: MSP430 Compiler'
"C:/ti/ccsv5/tools/compiler/msp430_4.1.0/bin/cl430" -vmspx --abi=coffabi -O3 --opt_for_speed=5 -g --include_path="C:/ti/ccsv5/ccs_base/msp430/include" --include_path="C:/ti/ccsv5/tools/compiler/msp430_4.1.0/include" --include_path="C:/Users/user/workspace_v5_2/LBW_185_1.0_170708/MSP430_BMS_PL536/SourceCode/BQ76PL536" --include_path="C:/Users/user/workspace_v5_2/LBW_185_1.0_170708/MSP430_BMS_PL536/SourceCode/Common" --include_path="C:/Users/user/workspace_v5_2/LBW_185_1.0_170708/MSP430_BMS_PL536/SourceCode/SPI" --include_path="C:/Users/user/workspace_v5_2/LBW_185_1.0_170708/MSP430_BMS_PL536/SourceCode/UART" --include_path="C:/Users/user/workspace_v5_2/LBW_185_1.0_170708/MSP430_BMS_PL536/SourceCode/USB_CDC_API" --include_path="C:/Users/user/workspace_v5_2/LBW_185_1.0_170708/MSP430_BMS_PL536/SourceCode/USB_Common" --include_path="C:/Users/user/workspace_v5_2/LBW_185_1.0_170708/MSP430_BMS_PL536/SourceCode" --define=__MSP430F5529__ --diag_warning=225 --silicon_errata=CPU21 --silicon_errata=CPU22 --silicon_errata=CPU23 --silicon_errata=CPU40 --printf_support=full --preproc_with_compile --preproc_dependency="SourceCode/USB_CDC_API/UsbCdc.pp" --obj_directory="SourceCode/USB_CDC_API"  "../SourceCode/USB_CDC_API/UsbCdc.c"
'Finished building: ../SourceCode/USB_CDC_API/UsbCdc.c'
' '
'Building file: ../SourceCode/UART/UART.c'
'Invoking: MSP430 Compiler'
"C:/ti/ccsv5/tools/compiler/msp430_4.1.0/bin/cl430" -vmspx --abi=coffabi -O3 --opt_for_speed=5 -g --include_path="C:/ti/ccsv5/ccs_base/msp430/include" --include_path="C:/ti/ccsv5/tools/compiler/msp430_4.1.0/include" --include_path="C:/Users/user/workspace_v5_2/LBW_185_1.0_170708/MSP430_BMS_PL536/SourceCode/BQ76PL536" --include_path="C:/Users/user/workspace_v5_2/LBW_185_1.0_170708/MSP430_BMS_PL536/SourceCode/Common" --include_path="C:/Users/user/workspace_v5_2/LBW_185_1.0_170708/MSP430_BMS_PL536/SourceCode/SPI" --include_path="C:/Users/user/workspace_v5_2/LBW_185_1.0_170708/MSP430_BMS_PL536/SourceCode/UART" --include_path="C:/Users/user/workspace_v5_2/LBW_185_1.0_170708/MSP430_BMS_PL536/SourceCode/USB_CDC_API" --include_path="C:/Users/user/workspace_v5_2/LBW_185_1.0_170708/MSP430_BMS_PL536/SourceCode/USB_Common" --include_path="C:/Users/user/workspace_v5_2/LBW_185_1.0_170708/MSP430_BMS_PL536/SourceCode" --define=__MSP430F5529__ --diag_warning=225 --silicon_errata=CPU21 --silicon_errata=CPU22 --silicon_errata=CPU23 --silicon_errata=CPU40 --printf_support=full --preproc_with_compile --preproc_dependency="SourceCode/UART/UART.pp" --obj_directory="SourceCode/UART"  "../SourceCode/UART/UART.c"
'Finished building: ../SourceCode/UART/UART.c'
' '
'Building file: ../SourceCode/SPI/spi_if.c'
'Invoking: MSP430 Compiler'
"C:/ti/ccsv5/tools/compiler/msp430_4.1.0/bin/cl430" -vmspx --abi=coffabi -O3 --opt_for_speed=5 -g --include_path="C:/ti/ccsv5/ccs_base/msp430/include" --include_path="C:/ti/ccsv5/tools/compiler/msp430_4.1.0/include" --include_path="C:/Users/user/workspace_v5_2/LBW_185_1.0_170708/MSP430_BMS_PL536/SourceCode/BQ76PL536" --include_path="C:/Users/user/workspace_v5_2/LBW_185_1.0_170708/MSP430_BMS_PL536/SourceCode/Common" --include_path="C:/Users/user/workspace_v5_2/LBW_185_1.0_170708/MSP430_BMS_PL536/SourceCode/SPI" --include_path="C:/Users/user/workspace_v5_2/LBW_185_1.0_170708/MSP430_BMS_PL536/SourceCode/UART" --include_path="C:/Users/user/workspace_v5_2/LBW_185_1.0_170708/MSP430_BMS_PL536/SourceCode/USB_CDC_API" --include_path="C:/Users/user/workspace_v5_2/LBW_185_1.0_170708/MSP430_BMS_PL536/SourceCode/USB_Common" --include_path="C:/Users/user/workspace_v5_2/LBW_185_1.0_170708/MSP430_BMS_PL536/SourceCode" --define=__MSP430F5529__ --diag_warning=225 --silicon_errata=CPU21 --silicon_errata=CPU22 --silicon_errata=CPU23 --silicon_errata=CPU40 --printf_support=full --preproc_with_compile --preproc_dependency="SourceCode/SPI/spi_if.pp" --obj_directory="SourceCode/SPI"  "../SourceCode/SPI/spi_if.c"
'Finished building: ../SourceCode/SPI/spi_if.c'
' '
'Building file: ../SourceCode/Common/TLV.c'
'Invoking: MSP430 Compiler'
"C:/ti/ccsv5/tools/compiler/msp430_4.1.0/bin/cl430" -vmspx --abi=coffabi -O3 --opt_for_speed=5 -g --include_path="C:/ti/ccsv5/ccs_base/msp430/include" --include_path="C:/ti/ccsv5/tools/compiler/msp430_4.1.0/include" --include_path="C:/Users/user/workspace_v5_2/LBW_185_1.0_170708/MSP430_BMS_PL536/SourceCode/BQ76PL536" --include_path="C:/Users/user/workspace_v5_2/LBW_185_1.0_170708/MSP430_BMS_PL536/SourceCode/Common" --include_path="C:/Users/user/workspace_v5_2/LBW_185_1.0_170708/MSP430_BMS_PL536/SourceCode/SPI" --include_path="C:/Users/user/workspace_v5_2/LBW_185_1.0_170708/MSP430_BMS_PL536/SourceCode/UART" --include_path="C:/Users/user/workspace_v5_2/LBW_185_1.0_170708/MSP430_BMS_PL536/SourceCode/USB_CDC_API" --include_path="C:/Users/user/workspace_v5_2/LBW_185_1.0_170708/MSP430_BMS_PL536/SourceCode/USB_Common" --include_path="C:/Users/user/workspace_v5_2/LBW_185_1.0_170708/MSP430_BMS_PL536/SourceCode" --define=__MSP430F5529__ --diag_warning=225 --silicon_errata=CPU21 --silicon_errata=CPU22 --silicon_errata=CPU23 --silicon_errata=CPU40 --printf_support=full --preproc_with_compile --preproc_dependency="SourceCode/Common/TLV.pp" --obj_directory="SourceCode/Common"  "../SourceCode/Common/TLV.c"
'Finished building: ../SourceCode/Common/TLV.c'
' '
'Building file: ../SourceCode/Common/hal_UCS.c'
'Invoking: MSP430 Compiler'
"C:/ti/ccsv5/tools/compiler/msp430_4.1.0/bin/cl430" -vmspx --abi=coffabi -O3 --opt_for_speed=5 -g --include_path="C:/ti/ccsv5/ccs_base/msp430/include" --include_path="C:/ti/ccsv5/tools/compiler/msp430_4.1.0/include" --include_path="C:/Users/user/workspace_v5_2/LBW_185_1.0_170708/MSP430_BMS_PL536/SourceCode/BQ76PL536" --include_path="C:/Users/user/workspace_v5_2/LBW_185_1.0_170708/MSP430_BMS_PL536/SourceCode/Common" --include_path="C:/Users/user/workspace_v5_2/LBW_185_1.0_170708/MSP430_BMS_PL536/SourceCode/SPI" --include_path="C:/Users/user/workspace_v5_2/LBW_185_1.0_170708/MSP430_BMS_PL536/SourceCode/UART" --include_path="C:/Users/user/workspace_v5_2/LBW_185_1.0_170708/MSP430_BMS_PL536/SourceCode/USB_CDC_API" --include_path="C:/Users/user/workspace_v5_2/LBW_185_1.0_170708/MSP430_BMS_PL536/SourceCode/USB_Common" --include_path="C:/Users/user/workspace_v5_2/LBW_185_1.0_170708/MSP430_BMS_PL536/SourceCode" --define=__MSP430F5529__ --diag_warning=225 --silicon_errata=CPU21 --silicon_errata=CPU22 --silicon_errata=CPU23 --silicon_errata=CPU40 --printf_support=full --preproc_with_compile --preproc_dependency="SourceCode/Common/hal_UCS.pp" --obj_directory="SourceCode/Common"  "../SourceCode/Common/hal_UCS.c"
'Finished building: ../SourceCode/Common/hal_UCS.c'
' '
'Building file: ../SourceCode/Common/hal_pmm.c'
'Invoking: MSP430 Compiler'
"C:/ti/ccsv5/tools/compiler/msp430_4.1.0/bin/cl430" -vmspx --abi=coffabi -O3 --opt_for_speed=5 -g --include_path="C:/ti/ccsv5/ccs_base/msp430/include" --include_path="C:/ti/ccsv5/tools/compiler/msp430_4.1.0/include" --include_path="C:/Users/user/workspace_v5_2/LBW_185_1.0_170708/MSP430_BMS_PL536/SourceCode/BQ76PL536" --include_path="C:/Users/user/workspace_v5_2/LBW_185_1.0_170708/MSP430_BMS_PL536/SourceCode/Common" --include_path="C:/Users/user/workspace_v5_2/LBW_185_1.0_170708/MSP430_BMS_PL536/SourceCode/SPI" --include_path="C:/Users/user/workspace_v5_2/LBW_185_1.0_170708/MSP430_BMS_PL536/SourceCode/UART" --include_path="C:/Users/user/workspace_v5_2/LBW_185_1.0_170708/MSP430_BMS_PL536/SourceCode/USB_CDC_API" --include_path="C:/Users/user/workspace_v5_2/LBW_185_1.0_170708/MSP430_BMS_PL536/SourceCode/USB_Common" --include_path="C:/Users/user/workspace_v5_2/LBW_185_1.0_170708/MSP430_BMS_PL536/SourceCode" --define=__MSP430F5529__ --diag_warning=225 --silicon_errata=CPU21 --silicon_errata=CPU22 --silicon_errata=CPU23 --silicon_errata=CPU40 --printf_support=full --preproc_with_compile --preproc_dependency="SourceCode/Common/hal_pmm.pp" --obj_directory="SourceCode/Common"  "../SourceCode/Common/hal_pmm.c"
'Finished building: ../SourceCode/Common/hal_pmm.c'
' '
'Building file: ../SourceCode/BQ76PL536/bq_pack.c'
'Invoking: MSP430 Compiler'
"C:/ti/ccsv5/tools/compiler/msp430_4.1.0/bin/cl430" -vmspx --abi=coffabi -O3 --opt_for_speed=5 -g --include_path="C:/ti/ccsv5/ccs_base/msp430/include" --include_path="C:/ti/ccsv5/tools/compiler/msp430_4.1.0/include" --include_path="C:/Users/user/workspace_v5_2/LBW_185_1.0_170708/MSP430_BMS_PL536/SourceCode/BQ76PL536" --include_path="C:/Users/user/workspace_v5_2/LBW_185_1.0_170708/MSP430_BMS_PL536/SourceCode/Common" --include_path="C:/Users/user/workspace_v5_2/LBW_185_1.0_170708/MSP430_BMS_PL536/SourceCode/SPI" --include_path="C:/Users/user/workspace_v5_2/LBW_185_1.0_170708/MSP430_BMS_PL536/SourceCode/UART" --include_path="C:/Users/user/workspace_v5_2/LBW_185_1.0_170708/MSP430_BMS_PL536/SourceCode/USB_CDC_API" --include_path="C:/Users/user/workspace_v5_2/LBW_185_1.0_170708/MSP430_BMS_PL536/SourceCode/USB_Common" --include_path="C:/Users/user/workspace_v5_2/LBW_185_1.0_170708/MSP430_BMS_PL536/SourceCode" --define=__MSP430F5529__ --diag_warning=225 --silicon_errata=CPU21 --silicon_errata=CPU22 --silicon_errata=CPU23 --silicon_errata=CPU40 --printf_support=full --preproc_with_compile --preproc_dependency="SourceCode/BQ76PL536/bq_pack.pp" --obj_directory="SourceCode/BQ76PL536"  "../SourceCode/BQ76PL536/bq_pack.c"
'Finished building: ../SourceCode/BQ76PL536/bq_pack.c'
' '
'Building file: ../SourceCode/BQ76PL536/data_flash.c'
'Invoking: MSP430 Compiler'
"C:/ti/ccsv5/tools/compiler/msp430_4.1.0/bin/cl430" -vmspx --abi=coffabi -O3 --opt_for_speed=5 -g --include_path="C:/ti/ccsv5/ccs_base/msp430/include" --include_path="C:/ti/ccsv5/tools/compiler/msp430_4.1.0/include" --include_path="C:/Users/user/workspace_v5_2/LBW_185_1.0_170708/MSP430_BMS_PL536/SourceCode/BQ76PL536" --include_path="C:/Users/user/workspace_v5_2/LBW_185_1.0_170708/MSP430_BMS_PL536/SourceCode/Common" --include_path="C:/Users/user/workspace_v5_2/LBW_185_1.0_170708/MSP430_BMS_PL536/SourceCode/SPI" --include_path="C:/Users/user/workspace_v5_2/LBW_185_1.0_170708/MSP430_BMS_PL536/SourceCode/UART" --include_path="C:/Users/user/workspace_v5_2/LBW_185_1.0_170708/MSP430_BMS_PL536/SourceCode/USB_CDC_API" --include_path="C:/Users/user/workspace_v5_2/LBW_185_1.0_170708/MSP430_BMS_PL536/SourceCode/USB_Common" --include_path="C:/Users/user/workspace_v5_2/LBW_185_1.0_170708/MSP430_BMS_PL536/SourceCode" --define=__MSP430F5529__ --diag_warning=225 --silicon_errata=CPU21 --silicon_errata=CPU22 --silicon_errata=CPU23 --silicon_errata=CPU40 --printf_support=full --preproc_with_compile --preproc_dependency="SourceCode/BQ76PL536/data_flash.pp" --obj_directory="SourceCode/BQ76PL536"  "../SourceCode/BQ76PL536/data_flash.c"
'Finished building: ../SourceCode/BQ76PL536/data_flash.c'
' '
'Building target: MSP430_BMS_PL536.out'
'Invoking: MSP430 Linker'
"C:/ti/ccsv5/tools/compiler/msp430_4.1.0/bin/cl430" -vmspx --abi=coffabi -O3 --opt_for_speed=5 -g --define=__MSP430F5529__ --diag_warning=225 --silicon_errata=CPU21 --silicon_errata=CPU22 --silicon_errata=CPU23 --silicon_errata=CPU40 --printf_support=full -z --stack_size=160 -m"MSP430_BMS_PL536.map" --heap_size=160 --use_hw_mpy=F5 -i"C:/ti/ccsv5/ccs_base/msp430/include" -i"C:/ti/ccsv5/tools/compiler/msp430_4.1.0/lib" -i"C:/ti/ccsv5/tools/compiler/msp430_4.1.0/include" --reread_libs --warn_sections --rom_model -o "MSP430_BMS_PL536.out"  "./SourceCode/BQ76PL536/data_flash.obj" "./SourceCode/BQ76PL536/bq_pack.obj" "./SourceCode/Common/hal_pmm.obj" "./SourceCode/Common/hal_UCS.obj" "./SourceCode/Common/TLV.obj" "./SourceCode/SPI/spi_if.obj" "./SourceCode/UART/UART.obj" "./SourceCode/USB_CDC_API/UsbCdc.obj" "./SourceCode/USB_Common/usb_eventHandling.obj" "./SourceCode/USB_Common/usb.obj" "./SourceCode/USB_Common/dma.obj" "./SourceCode/USB_Common/descriptors.obj" "./SourceCode/USB_Common/UsbIsr.obj" "./SourceCode/main.obj" "./SourceCode/USBCDC_constructs.obj" -l"libc.a" "../lnk_msp430f5529.cmd" "../msp430f5529.cmd" 
<Linking>
'Finished building target: MSP430_BMS_PL536.out'
' '

**** Build Finished ****
